<?xml version="1.0" encoding="UTF-8"?>
<!-- Generated by org.testng.reporters.JUnitReportReporter -->
<testsuite hostname="Ruchika" failures="0" tests="1" name="test.TestGetAndPost" time="2.469" errors="0" timestamp="2025-07-13T22:22:40 IST" skipped="0">
  <testcase classname="test.TestGetAndPost" name="postUser" time="2.469"/>
</testsuite> <!-- test.TestGetAndPost -->
