<?xml version="1.0" encoding="UTF-8"?>
<!-- Generated by org.testng.reporters.JUnitReportReporter -->
<testsuite hostname="Ruchika" failures="0" tests="1" name="test.PutandPatch" time="2.115" errors="0" timestamp="2025-07-13T22:39:39 IST" skipped="0">
  <testcase classname="test.PutandPatch" name="deleteExam" time="2.115"/>
</testsuite> <!-- test.PutandPatch -->
