<?xml version="1.0" encoding="UTF-8"?>
<!-- Generated by org.testng.reporters.JUnitReportReporter -->
<testsuite hostname="Ruchika" failures="0" tests="1" name="test.Resq1" time="3.975" errors="0" timestamp="2025-07-13T18:01:17 IST" skipped="0">
  <testcase classname="test.Resq1" name="Test_2" time="3.975"/>
</testsuite> <!-- test.Resq1 -->
